âŒ Blending failed: Config file not found: .ce/blend-config.yml
ğŸ”§ Create .ce/blend-config.yml (see PRP-34.1.1)

warning: `VIRTUAL_ENV=/Users/bprzybyszi/nc-src/ctx-eng-plus/tools/.venv` does not match the project environment path `.venv` and will be ignored; use `--active` to target the active environment instead
Using CPython 3.14.0 interpreter at: /opt/homebrew/opt/python@3.14/bin/python3.14
Creating virtual environment at: .venv
Resolved 48 packages in 351ms
   Building ce-tools @ file:///Users/bprzybyszi/nc-src/ctx-eng-plus-test-target/.ce/tools
  Ã— Failed to build `ce-tools @
  â”‚ file:///Users/bprzybyszi/nc-src/ctx-eng-plus-test-target/.ce/tools`
  â”œâ”€â–¶ The build backend returned an error
  â•°â”€â–¶ Call to `hatchling.build.build_editable` failed (exit status: 1)

      [stderr]
      Traceback (most recent call last):
        File "<string>", line 11, in <module>
          wheel_filename =
      backend.build_editable("/Users/bprzybyszi/.cache/uv/builds-v0/.tmp3do3V4",
      {}, None)
        File
      "/Users/bprzybyszi/.cache/uv/builds-v0/.tmpv3qvcJ/lib/python3.14/site-packages/hatchling/build.py",
      line 83, in build_editable
          return os.path.basename(next(builder.build(directory=wheel_directory,
      versions=['editable'])))
      
      ~~~~^^^^^^^^^^^^^^^^^^^^^^^^^^^^^^^^^^^^^^^^^^^^^^^^^^^^^^^^^^^^^^^^^
        File
      "/Users/bprzybyszi/.cache/uv/builds-v0/.tmpv3qvcJ/lib/python3.14/site-packages/hatchling/builders/plugin/interface.py",
      line 90, in build
          self.metadata.validate_fields()
          ~~~~~~~~~~~~~~~~~~~~~~~~~~~~~^^
        File
      "/Users/bprzybyszi/.cache/uv/builds-v0/.tmpv3qvcJ/lib/python3.14/site-packages/hatchling/metadata/core.py",
      line 266, in validate_fields
          self.core.validate_fields()
          ~~~~~~~~~~~~~~~~~~~~~~~~~^^
        File
      "/Users/bprzybyszi/.cache/uv/builds-v0/.tmpv3qvcJ/lib/python3.14/site-packages/hatchling/metadata/core.py",
      line 1366, in validate_fields
          getattr(self, attribute)
          ~~~~~~~^^^^^^^^^^^^^^^^^
        File
      "/Users/bprzybyszi/.cache/uv/builds-v0/.tmpv3qvcJ/lib/python3.14/site-packages/hatchling/metadata/core.py",
      line 531, in readme
          raise OSError(message)
      OSError: Readme file does not exist: README.md

      hint: This usually indicates a problem with the package or the build
      environment.


============================================================
Phase: extract
============================================================
â„¹ï¸  Renamed existing .ce/ to .ce.old/
ğŸ’¡ .ce.old/ will be included as additional context source during blend
âœ… Extracted 52 files to /Users/bprzybyszi/nc-src/ctx-eng-plus-test-target/.ce

============================================================
Phase: blend
============================================================
âŒ Blend phase failed (exit code 1)
ğŸ”§ Check blend tool output:
âŒ Blending failed: Config file not found: .ce/blend-config.yml
ğŸ”§ Create .ce/blend-config.yml (see PRP-34.1.1)


============================================================
Phase: initialize
============================================================
âŒ UV sync failed (exit code 1)
ğŸ”§ Check pyproject.toml and dependency versions:
warning: `VIRTUAL_ENV=/Users/bprzybyszi/nc-src/ctx-eng-plus/tools/.venv` does not match the project environment path `.venv` and will be ignored; use `--active` to target the active environment instead
Using CPython 3.14.0 interpreter at: /opt/homebrew/opt/python@3.14/bin/python3.14
Creating virtual environment at: .venv
Resolved 48 packages in 351ms
   Building ce-tools @ file:///Users/bprzybyszi/nc-src/ctx-eng-plus-test-target/.ce/tools
  Ã— Failed to build `ce-tools @
  â”‚ file:///Users/bprzybyszi/nc-src/ctx-eng-plus-test-target/.ce/tools`
  â”œâ”€â–¶ The build backend returned an error
  â•°â”€â–¶ Call to `hatchling.build.build_editable` failed (exit status: 1)

      [stderr]
      Traceback (most recent call last):
        File "<string>", line 11, in <module>
          wheel_filename =
      backend.build_editable("/Users/bprzybyszi/.cache/uv/builds-v0/.tmp3do3V4",
      {}, None)
        File
      "/Users/bprzybyszi/.cache/uv/builds-v0/.tmpv3qvcJ/lib/python3.14/site-packages/hatchling/build.py",
      line 83, in build_editable
          return os.path.basename(next(builder.build(directory=wheel_directory,
      versions=['editable'])))
      
      ~~~~^^^^^^^^^^^^^^^^^^^^^^^^^^^^^^^^^^^^^^^^^^^^^^^^^^^^^^^^^^^^^^^^^
        File
      "/Users/bprzybyszi/.cache/uv/builds-v0/.tmpv3qvcJ/lib/python3.14/site-packages/hatchling/builders/plugin/interface.py",
      line 90, in build
          self.metadata.validate_fields()
          ~~~~~~~~~~~~~~~~~~~~~~~~~~~~~^^
        File
      "/Users/bprzybyszi/.cache/uv/builds-v0/.tmpv3qvcJ/lib/python3.14/site-packages/hatchling/metadata/core.py",
      line 266, in validate_fields
          self.core.validate_fields()
          ~~~~~~~~~~~~~~~~~~~~~~~~~^^
        File
      "/Users/bprzybyszi/.cache/uv/builds-v0/.tmpv3qvcJ/lib/python3.14/site-packages/hatchling/metadata/core.py",
      line 1366, in validate_fields
          getattr(self, attribute)
          ~~~~~~~^^^^^^^^^^^^^^^^^
        File
      "/Users/bprzybyszi/.cache/uv/builds-v0/.tmpv3qvcJ/lib/python3.14/site-packages/hatchling/metadata/core.py",
      line 531, in readme
          raise OSError(message)
      OSError: Readme file does not exist: README.md

      hint: This usually indicates a problem with the package or the build
      environment.


============================================================
Phase: verify
============================================================
âš ï¸  Installation incomplete (1 warnings)
ğŸ”§ Review warnings above and re-run failed phases
ğŸ”¨ Regenerating CE framework packages...

ğŸ“¦ Repomix v1.8.0

[36mâ ™[39m Collecting files...
[2K[1A[2K[G[36mâ ¹[39m Collect file... (2/13) [2mexamples/patterns/dedrifting-lessons.md[22m
[2K[1A[2K[G[36mâ ¸[39m Running security check... (10/13) [2mexamples/README.md[22m
[2K[1A[2K[G[36mâ ¼[39m Generating output...
[2K[1A[2K[G[36mâ ´[39m Generating output...
[2K[1A[2K[G[36mâ ¦[39m Calculating metrics...
[2K[1A[2K[G[36mâ §[39m Calculating metrics...
[2K[1A[2K[G[36mâ ‡[39m Calculating metrics...
[2K[1A[2K[G[36mâ [39m Calculating metrics... (12/13) [2mexamples/TOOL-USAGE-GUIDE.md[22m
[2K[1A[2K[G[36mâ ‹[39m Calculating metrics... (13/13) [2mCLAUDE.md[22m
[2K[1A[2K[G[32mâœ”[39m Packing completed successfully!

ğŸ“ˆ Top 5 Files by Token Count:
â”€â”€â”€â”€â”€â”€â”€â”€â”€â”€â”€â”€â”€â”€â”€â”€â”€â”€â”€â”€â”€â”€â”€â”€â”€â”€â”€â”€â”€â”€
1.  examples/model/SystemModel.md (35,618 tokens, 117,189 chars, 40.7%)
2.  examples/INITIALIZATION.md (14,195 tokens, 42,753 chars, 16.2%)
3.  CLAUDE.md (8,891 tokens, 28,852 chars, 10.1%)
4.  examples/TOOL-USAGE-GUIDE.md (7,788 tokens, 25,788 chars, 8.9%)
5.  examples/INDEX.md (6,401 tokens, 24,566 chars, 7.3%)

ğŸ” Security Check:
â”€â”€â”€â”€â”€â”€â”€â”€â”€â”€â”€â”€â”€â”€â”€â”€â”€â”€
âœ” No suspicious files detected.


ğŸ“Š Pack Summary:
â”€â”€â”€â”€â”€â”€â”€â”€â”€â”€â”€â”€â”€â”€â”€â”€
  Total Files: 13 files
 Total Tokens: 87,619 tokens
  Total Chars: 285,253 chars
       Output: ce-32/builds/ce-workflow-docs.xml
     Security: âœ” No suspicious files detected

ğŸ‰ All Done!
Your repository has been successfully packed.

ğŸ’¡ Repomix is now available in your browser! Try it at https://repomix.com

ğŸ“¦ Repomix v1.8.0

[36mâ ™[39m Collecting files...
[2K[1A[2K[G[36mâ ¹[39m Collect file... (15/55) [2mtools/ce/__init__.py[22m
[2K[1A[2K[G[36mâ ¸[39m Collect file... (50/55) [2mtools/ce/validate.py[22m
[2K[1A[2K[G[36mâ ¼[39m Processing files...
[2K[1A[2K[G[36mâ ´[39m Generating output...
[2K[1A[2K[G[36mâ ¦[39m Calculating metrics...
[2K[1A[2K[G[36mâ §[39m Calculating metrics...
[2K[1A[2K[G[36mâ ‡[39m Calculating metrics... (9/50) [2m.claude/commands/tools-misuse-scan.md[22m
[2K[1A[2K[G[36mâ [39m Calculating metrics... (28/50) [2mtools/ce/logging_config.py[22m
[2K[1A[2K[G[36mâ ‹[39m Calculating metrics... (49/50) [2mtools/README.md[22m
[2K[1A[2K[G[36mâ ™[39m Calculating metrics... (50/50) [2mCLAUDE.md[22m
[2K[1A[2K[G[36mâ ¹[39m Calculating metrics... (50/50) [2mCLAUDE.md[22m
[2K[1A[2K[G[32mâœ”[39m Packing completed successfully!

ğŸ“ˆ Top 5 Files by Token Count:
â”€â”€â”€â”€â”€â”€â”€â”€â”€â”€â”€â”€â”€â”€â”€â”€â”€â”€â”€â”€â”€â”€â”€â”€â”€â”€â”€â”€â”€â”€
1.  tools/ce/generate.py (20,030 tokens, 71,188 chars, 8.7%)
2.  tools/ce/update_context.py (20,020 tokens, 71,151 chars, 8.7%)
3.  .claude/commands/batch-exe-prp.md (18,645 tokens, 57,226 chars, 8.1%)
4.  tools/ce/cli_handlers.py (12,578 tokens, 43,893 chars, 5.4%)
5.  .claude/commands/batch-gen-prp.md (9,951 tokens, 34,385 chars, 4.3%)

ğŸ” Security Check:
â”€â”€â”€â”€â”€â”€â”€â”€â”€â”€â”€â”€â”€â”€â”€â”€â”€â”€
âœ” No suspicious files detected.


ğŸ“Š Pack Summary:
â”€â”€â”€â”€â”€â”€â”€â”€â”€â”€â”€â”€â”€â”€â”€â”€
  Total Files: 55 files
 Total Tokens: 230,969 tokens
  Total Chars: 823,399 chars
       Output: ce-32/builds/ce-infrastructure.xml
     Security: âœ” No suspicious files detected

ğŸ‰ All Done!
Your repository has been successfully packed.

ğŸ’¡ Repomix is now available in your browser! Try it at https://repomix.com
âœ… Packages regenerated
ğŸ“Š Package sizes:
  Workflow:   286876 bytes
  Infrastructure:   826266 bytes
  Total: 1113142 bytes
âš ï¸  Syntropy MCP directory not found: ../syntropy-mcp
   Skipping distribution step (packages built successfully)
âŒ Blending failed: Config file not found: .ce/blend-config.yml
ğŸ”§ Create .ce/blend-config.yml (see PRP-34.1.1)

warning: `VIRTUAL_ENV=/Users/bprzybyszi/nc-src/ctx-eng-plus/tools/.venv` does not match the project environment path `.venv` and will be ignored; use `--active` to target the active environment instead
Using CPython 3.14.0 interpreter at: /opt/homebrew/opt/python@3.14/bin/python3.14
Creating virtual environment at: .venv
Resolved 49 packages in 166ms
   Building ce-tools @ file:///Users/bprzybyszi/nc-src/ctx-eng-plus-test-target/.ce/tools
      Built ce-tools @ file:///Users/bprzybyszi/nc-src/ctx-eng-plus-test-target/.ce/tools
Prepared 1 package in 305ms
Installed 47 packages in 111ms
 + annotated-types==0.7.0
 + anthropic==0.72.0
 + anyio==4.11.0
 + attrs==25.4.0
 + ce-tools==0.1.0 (from file:///Users/bprzybyszi/nc-src/ctx-eng-plus-test-target/.ce/tools)
 + certifi==2025.10.5
 + cfgv==3.4.0
 + coverage==7.11.0
 + deepdiff==8.6.1
 + diagrams==0.24.4
 + distlib==0.4.0
 + distro==1.9.0
 + docstring-parser==0.17.0
 + filelock==3.20.0
 + graphviz==0.20.3
 + h11==0.16.0
 + httpcore==1.0.9
 + httpx==0.28.1
 + identify==2.6.15
 + idna==3.11
 + iniconfig==2.3.0
 + jinja2==3.1.6
 + jiter==0.11.1
 + jsonschema==4.25.1
 + jsonschema-specifications==2025.9.1
 + markupsafe==3.0.3
 + nodeenv==1.9.1
 + orderly-set==5.5.0
 + packaging==25.0
 + platformdirs==4.5.0
 + pluggy==1.6.0
 + pre-commit==4.3.0
 + pydantic==2.12.4
 + pydantic-core==2.41.5
 + pygments==2.19.2
 + pytest==8.4.2
 + pytest-cov==7.0.0
 + python-frontmatter==1.1.0
 + pyyaml==6.0.3
 + referencing==0.37.0
 + rpds-py==0.28.0
 + sniffio==1.3.1
 + tomli==2.3.0
 + tomli-w==1.2.0
 + typing-extensions==4.15.0
 + typing-inspection==0.4.2
 + virtualenv==20.35.4


============================================================
Phase: extract
============================================================
âœ… Extracted 55 files to /Users/bprzybyszi/nc-src/ctx-eng-plus-test-target/.ce

============================================================
Phase: blend
============================================================
âŒ Blend phase failed (exit code 1)
ğŸ”§ Check blend tool output:
âŒ Blending failed: Config file not found: .ce/blend-config.yml
ğŸ”§ Create .ce/blend-config.yml (see PRP-34.1.1)


============================================================
Phase: initialize
============================================================
âœ… Python environment initialized

============================================================
Phase: verify
============================================================
âš ï¸  Installation incomplete (1 warnings)
ğŸ”§ Review warnings above and re-run failed phases
ğŸ”€ Running Phase: DETECT
Phase A: DETECTION - Scanning legacy locations...
âœ“ Detected 139 files across 6 domains
âœ“ Phase detect complete
ğŸ”€ Running Phase: CLASSIFY
Phase B: CLASSIFICATION - Validating CE patterns...
âœ“ Classified 133 valid files
âœ“ Phase classify complete
ğŸ”€ Running Phase: BLEND
Phase C: BLENDING - Merging framework + target...
  Blending prps (79 files)...
  Blending examples (17 files)...
  Blending claude_md (1 files)...
  Blending settings (1 files)...
  Blending commands (11 files)...
  Blending memories (24 files)...
âœ“ Blending complete (2 domains processed)
âœ“ Phase blend complete
ğŸ”€ Running Phase: CLEANUP
Phase D: CLEANUP - Removing legacy directories...
âŒ Blending failed: Cannot cleanup PRPs/: 67 unmigrated files detected. Run migration again or manually verify.

warning: `VIRTUAL_ENV=/Users/bprzybyszi/nc-src/ctx-eng-plus/tools/.venv` does not match the project environment path `.venv` and will be ignored; use `--active` to target the active environment instead
Using CPython 3.14.0 interpreter at: /opt/homebrew/opt/python@3.14/bin/python3.14
Creating virtual environment at: .venv
Resolved 49 packages in 23ms
   Building ce-tools @ file:///Users/bprzybyszi/nc-src/ctx-eng-plus-test-target/.ce/tools
      Built ce-tools @ file:///Users/bprzybyszi/nc-src/ctx-eng-plus-test-target/.ce/tools
Prepared 1 package in 296ms
Installed 47 packages in 96ms
 + annotated-types==0.7.0
 + anthropic==0.72.0
 + anyio==4.11.0
 + attrs==25.4.0
 + ce-tools==0.1.0 (from file:///Users/bprzybyszi/nc-src/ctx-eng-plus-test-target/.ce/tools)
 + certifi==2025.10.5
 + cfgv==3.4.0
 + coverage==7.11.0
 + deepdiff==8.6.1
 + diagrams==0.24.4
 + distlib==0.4.0
 + distro==1.9.0
 + docstring-parser==0.17.0
 + filelock==3.20.0
 + graphviz==0.20.3
 + h11==0.16.0
 + httpcore==1.0.9
 + httpx==0.28.1
 + identify==2.6.15
 + idna==3.11
 + iniconfig==2.3.0
 + jinja2==3.1.6
 + jiter==0.11.1
 + jsonschema==4.25.1
 + jsonschema-specifications==2025.9.1
 + markupsafe==3.0.3
 + nodeenv==1.9.1
 + orderly-set==5.5.0
 + packaging==25.0
 + platformdirs==4.5.0
 + pluggy==1.6.0
 + pre-commit==4.3.0
 + pydantic==2.12.4
 + pydantic-core==2.41.5
 + pygments==2.19.2
 + pytest==8.4.2
 + pytest-cov==7.0.0
 + python-frontmatter==1.1.0
 + pyyaml==6.0.3
 + referencing==0.37.0
 + rpds-py==0.28.0
 + sniffio==1.3.1
 + tomli==2.3.0
 + tomli-w==1.2.0
 + typing-extensions==4.15.0
 + typing-inspection==0.4.2
 + virtualenv==20.35.4


============================================================
Phase: extract
============================================================
âœ… Extracted 55 files to /Users/bprzybyszi/nc-src/ctx-eng-plus-test-target/.ce

============================================================
Phase: blend
============================================================
âŒ Blend phase failed (exit code 1)
ğŸ”§ Check blend tool output:
ğŸ”€ Running Phase: DETECT
Phase A: DETECTION - Scanning legacy locations...
âœ“ Detected 139 files across 6 domains
âœ“ Phase detect complete
ğŸ”€ Running Phase: CLASSIFY
Phase B: CLASSIFICATION - Validating CE patterns...
âœ“ Classified 133 valid files
âœ“ Phase classify complete
ğŸ”€ Running Phase: BLEND
Phase C: BLENDING - Merging framework + target...
  Blending prps (79 files)...
  Blending examples (17 files)...
  Blending claude_md (1 files)...
  Blending settings (1 files)...
  Blending commands (11 files)...
  Blending memories (24 files)...
âœ“ Blending complete (2 domains processed)
âœ“ Phase blend complete
ğŸ”€ Running Phase: CLEANUP
Phase D: CLEANUP - Removing legacy directories...
âŒ Blending failed: Cannot cleanup PRPs/: 67 unmigrated files detected. Run migration again or manually verify.


============================================================
ğŸ§¹ Legacy Directory Cleanup
============================================================
ğŸ” Verifying PRPs/ migration...
âŒ PRPs/ - Migration incomplete!
   Unmigrated files: 67
     - PRPs/BIG-INITIAL.md
     - PRPs/GRAND-PLAN.md
     - PRPs/feature-requests/PRP-34.2.5-simple-operations-blending.md
     - PRPs/feature-requests/PRP-34-INITIAL.md
     - PRPs/feature-requests/PRP-34.2.4-settings-blending-strategy.md
     ... and 62 more


============================================================
Phase: initialize
============================================================
âœ… Python environment initialized

============================================================
Phase: verify
============================================================
âš ï¸  Installation incomplete (1 warnings)
ğŸ”§ Review warnings above and re-run failed phases
